SF:lib\app\data\model\shalat_time_response.dart
DA:8,2
DA:14,2
DA:15,2
DA:16,2
DA:17,2
DA:18,2
DA:19,0
DA:20,10
DA:23,0
DA:24,0
DA:25,0
DA:26,0
DA:27,0
DA:28,0
DA:30,2
DA:31,2
DA:32,4
DA:33,4
DA:34,4
DA:35,4
DA:36,4
DA:37,4
DA:38,4
DA:39,4
DA:40,4
DA:41,4
DA:42,4
DA:43,6
DA:44,4
DA:45,4
DA:46,4
DA:47,4
DA:48,4
DA:49,4
DA:50,4
DA:51,6
DA:52,6
DA:53,4
DA:54,2
DA:55,0
DA:64,2
DA:70,4
DA:72,6
DA:73,6
DA:74,6
DA:77,0
DA:78,0
DA:79,0
DA:80,0
DA:90,2
DA:97,4
DA:98,2
DA:99,2
DA:100,2
DA:102,4
DA:103,6
DA:106,0
DA:107,0
DA:108,0
DA:109,0
DA:110,0
DA:123,2
DA:133,4
DA:134,2
DA:135,2
DA:136,2
DA:137,2
DA:139,4
DA:140,2
DA:142,4
DA:143,2
DA:144,2
DA:146,4
DA:149,0
DA:150,0
DA:151,0
DA:152,0
DA:153,0
DA:154,0
DA:155,0
DA:156,0
DA:164,2
DA:169,4
DA:170,2
DA:171,2
DA:174,0
DA:175,0
DA:176,0
DA:184,2
DA:189,4
DA:190,2
DA:191,2
DA:194,0
DA:195,0
DA:196,0
DA:203,2
DA:207,2
DA:208,2
DA:209,2
DA:212,0
DA:213,0
DA:227,2
DA:238,4
DA:239,2
DA:240,2
DA:241,2
DA:242,2
DA:244,4
DA:246,6
DA:247,2
DA:248,2
DA:250,4
DA:251,2
DA:252,0
DA:253,8
DA:256,0
DA:257,0
DA:258,0
DA:259,0
DA:260,0
DA:261,0
DA:262,0
DA:263,0
DA:265,0
DA:274,2
DA:280,4
DA:281,2
DA:282,2
DA:283,2
DA:286,0
DA:287,0
DA:288,0
DA:289,0
DA:297,2
DA:302,4
DA:303,2
DA:304,2
DA:307,0
DA:308,0
DA:309,0
DA:323,2
DA:334,4
DA:335,4
DA:336,4
DA:337,2
DA:338,6
DA:339,2
DA:340,2
DA:341,2
DA:342,4
DA:343,6
DA:346,0
DA:347,0
DA:348,0
DA:349,0
DA:350,0
DA:351,0
DA:352,0
DA:353,0
DA:355,0
DA:364,2
DA:370,4
DA:371,2
DA:372,2
DA:373,6
DA:376,0
DA:377,0
DA:378,0
DA:379,0
DA:386,2
DA:390,4
DA:391,2
DA:394,0
DA:395,0
DA:412,2
DA:426,4
DA:427,2
DA:428,2
DA:429,2
DA:430,2
DA:431,2
DA:432,2
DA:433,2
DA:434,2
DA:435,2
DA:436,2
DA:437,2
DA:440,0
DA:441,0
DA:442,0
DA:443,0
DA:444,0
DA:445,0
DA:446,0
DA:447,0
DA:448,0
DA:449,0
DA:450,0
DA:451,0
LF:199
LH:122
end_of_record
SF:lib\app\data\providers\database_helper.dart
DA:9,0
DA:13,0
DA:17,0
DA:18,0
DA:22,0
DA:23,0
DA:24,0
DA:25,0
DA:26,0
DA:33,0
DA:34,0
DA:35,0
DA:38,0
DA:39,0
DA:40,0
DA:43,0
DA:44,0
DA:45,0
DA:46,0
DA:52,0
DA:53,0
DA:54,0
DA:57,0
DA:58,0
DA:59,0
DA:60,0
DA:61,0
DA:62,0
DA:63,0
DA:66,0
DA:67,0
DA:68,0
DA:69,0
DA:73,0
DA:74,0
DA:75,0
DA:76,0
DA:80,0
DA:81,0
DA:82,0
DA:83,0
DA:84,0
DA:85,0
DA:86,0
LF:44
LH:0
end_of_record
SF:lib\app\data\providers\shalat_local_data_source.dart
DA:18,1
DA:20,1
DA:22,2
DA:23,1
DA:24,4
DA:25,2
DA:28,1
DA:31,2
DA:34,2
DA:38,1
DA:40,2
DA:41,2
LF:12
LH:12
end_of_record
SF:lib\app\domain\entities\shalat.dart
DA:11,2
DA:25,0
DA:26,0
LF:3
LH:1
end_of_record
SF:lib\core\extensions\string_extension.dart
DA:3,1
DA:7,2
DA:8,2
DA:9,2
DA:10,1
DA:11,2
DA:12,1
LF:7
LH:7
end_of_record
SF:lib\core\utils\exception.dart
DA:4,2
DA:10,4
LF:2
LH:2
end_of_record
SF:lib\core\utils\logger.dart
DA:21,3
DA:22,15
DA:26,0
DA:27,0
DA:31,0
DA:32,0
DA:36,0
DA:37,0
DA:41,0
DA:42,0
LF:10
LH:2
end_of_record
SF:lib\core\values\constant.dart
DA:3,0
DA:15,0
DA:37,0
LF:3
LH:0
end_of_record
SF:lib\app\data\model\asmaul_husna_response.dart
DA:10,1
DA:14,1
DA:15,1
DA:16,1
DA:17,4
DA:20,0
DA:22,0
DA:25,2
DA:26,3
DA:27,1
DA:28,1
DA:29,1
DA:30,1
DA:31,1
DA:32,1
DA:42,1
DA:50,1
DA:51,1
DA:52,1
DA:53,1
DA:54,1
DA:55,1
DA:56,1
DA:59,0
DA:60,0
DA:61,0
DA:62,0
DA:63,0
DA:64,0
LF:29
LH:21
end_of_record
SF:lib\app\data\model\daily_pray_response.dart
DA:10,0
DA:14,0
DA:15,0
DA:16,0
DA:17,0
DA:20,0
DA:22,0
DA:25,0
DA:26,0
DA:27,0
DA:28,0
DA:29,0
DA:38,0
DA:45,0
DA:46,0
DA:47,0
DA:48,0
DA:49,0
DA:50,0
DA:53,0
DA:54,0
DA:55,0
DA:56,0
DA:57,0
LF:24
LH:0
end_of_record
SF:lib\app\data\model\list_surah_response.dart
DA:9,0
DA:11,2
DA:12,4
DA:13,4
DA:14,4
DA:15,2
DA:16,4
DA:17,6
DA:18,6
DA:23,2
DA:24,2
DA:25,4
DA:26,2
DA:27,2
DA:28,2
DA:29,4
DA:30,4
DA:31,4
DA:32,6
DA:33,4
DA:34,6
DA:35,2
DA:36,2
DA:37,4
DA:38,4
DA:39,6
DA:40,4
DA:41,2
DA:42,0
DA:45,0
DA:46,0
DA:47,0
DA:48,0
DA:49,0
DA:50,0
DA:51,0
DA:65,0
DA:73,2
DA:74,4
DA:75,4
DA:76,4
DA:77,8
DA:78,4
DA:79,4
DA:81,8
DA:84,0
DA:85,0
DA:86,0
DA:87,0
DA:88,0
DA:89,0
DA:90,0
DA:92,0
DA:93,0
DA:95,0
DA:96,0
DA:108,0
DA:110,2
DA:111,4
DA:112,4
DA:113,4
DA:114,4
DA:116,4
DA:117,4
DA:121,0
DA:122,0
DA:123,0
DA:124,0
DA:125,0
DA:126,0
DA:128,0
DA:129,0
DA:139,0
DA:141,2
DA:142,4
DA:143,4
DA:146,0
DA:147,0
DA:148,0
DA:149,0
DA:159,0
DA:161,2
DA:162,4
DA:163,4
DA:164,4
DA:167,0
DA:168,0
DA:169,0
DA:170,0
DA:171,0
DA:179,0
DA:181,2
DA:182,4
DA:185,0
DA:186,0
DA:187,0
LF:96
LH:51
end_of_record
SF:lib\app\data\model\surah_detail_response.dart
DA:8,0
DA:9,0
DA:11,0
DA:12,0
DA:20,1
DA:27,1
DA:28,1
DA:29,1
DA:30,1
DA:31,1
DA:32,3
DA:35,0
DA:36,0
DA:37,0
DA:38,0
DA:39,0
DA:41,1
DA:42,2
DA:44,3
DA:45,2
DA:46,2
DA:47,3
DA:48,3
DA:49,4
DA:50,4
DA:51,3
DA:52,3
DA:53,2
DA:54,2
DA:56,2
DA:57,2
DA:59,2
DA:60,2
DA:61,2
DA:62,2
DA:63,2
DA:64,3
DA:65,1
DA:66,0
DA:80,1
DA:91,2
DA:92,1
DA:93,1
DA:94,1
DA:95,3
DA:96,1
DA:98,2
DA:100,3
DA:101,1
DA:103,0
DA:104,1
DA:105,0
DA:106,5
DA:109,0
DA:110,0
DA:111,0
DA:112,0
DA:113,0
DA:114,0
DA:115,0
DA:116,0
DA:117,0
DA:118,0
DA:119,0
DA:129,1
DA:136,2
DA:137,1
DA:138,1
DA:139,1
DA:141,2
DA:142,1
DA:144,2
DA:147,0
DA:148,0
DA:149,0
DA:150,0
DA:151,0
DA:159,1
DA:164,2
DA:165,1
DA:166,1
DA:169,0
DA:170,0
DA:171,0
DA:180,0
DA:186,0
DA:187,0
DA:188,0
DA:190,0
DA:191,0
DA:194,0
DA:195,0
DA:196,0
DA:197,0
DA:205,1
DA:210,2
DA:211,1
DA:212,1
DA:213,0
DA:214,4
DA:217,0
DA:218,0
DA:219,0
DA:220,0
DA:221,0
DA:229,1
DA:234,2
DA:235,1
DA:236,1
DA:238,2
DA:241,0
DA:242,0
DA:243,0
DA:250,1
DA:254,1
DA:255,1
DA:256,1
DA:259,0
DA:260,0
DA:269,1
DA:275,2
DA:276,1
DA:277,1
DA:278,1
DA:281,0
DA:282,0
DA:283,0
DA:284,0
DA:291,1
DA:295,2
DA:296,1
DA:299,0
DA:300,0
DA:312,1
DA:321,2
DA:322,3
DA:323,3
DA:324,3
DA:325,1
DA:327,2
DA:328,3
DA:329,1
DA:331,2
DA:334,0
DA:335,0
DA:336,0
DA:337,0
DA:338,0
DA:339,0
DA:340,0
DA:352,1
DA:361,2
DA:362,1
DA:363,1
DA:364,1
DA:365,1
DA:366,1
DA:367,3
DA:370,0
DA:371,0
DA:372,0
DA:373,0
DA:374,0
DA:375,0
DA:376,0
DA:384,1
DA:389,2
DA:390,1
DA:391,1
DA:394,0
DA:395,0
DA:396,0
DA:404,1
DA:409,2
DA:410,1
DA:411,1
DA:414,0
DA:415,0
DA:416,0
DA:423,1
DA:427,2
DA:428,3
DA:431,0
DA:432,0
DA:440,1
DA:445,2
DA:446,1
DA:447,1
DA:450,0
DA:451,0
DA:452,0
LF:191
LH:108
end_of_record
SF:lib\app\data\providers\shalat_remote_data_source.dart
DA:16,0
DA:18,0
DA:19,0
DA:22,0
DA:25,0
DA:27,0
DA:28,0
DA:29,0
DA:31,0
DA:34,0
LF:10
LH:0
end_of_record
SF:lib\app\data\providers\surah_local_data_source.dart
DA:25,1
DA:27,1
DA:29,2
DA:32,0
DA:36,0
DA:37,0
DA:40,0
DA:44,0
DA:48,0
DA:49,0
DA:52,0
DA:56,1
DA:58,2
DA:61,1
DA:64,2
DA:67,2
DA:71,1
DA:74,2
DA:77,2
DA:81,1
DA:83,2
LF:21
LH:13
end_of_record
SF:lib\app\data\providers\surah_remote_data_source.dart
DA:17,0
DA:19,0
DA:22,0
DA:25,0
DA:26,0
DA:27,0
DA:29,0
DA:30,0
DA:33,0
DA:34,0
DA:38,0
DA:41,0
DA:42,0
DA:43,0
DA:44,0
DA:46,0
DA:49,0
LF:17
LH:0
end_of_record
SF:lib\app\domain\entities\asmaul_husna.dart
DA:7,1
LF:1
LH:1
end_of_record
SF:lib\app\domain\entities\daily_pray.dart
DA:6,0
LF:1
LH:0
end_of_record
SF:lib\app\domain\entities\surah.dart
DA:10,2
DA:20,0
DA:21,0
LF:3
LH:1
end_of_record
SF:lib\app\domain\entities\surah_detail.dart
DA:11,1
DA:31,0
DA:32,0
DA:33,0
LF:4
LH:1
end_of_record
SF:lib\core\utils\failure.dart
DA:6,4
DA:8,2
DA:9,4
DA:13,6
DA:17,6
DA:21,6
LF:6
LH:6
end_of_record
SF:lib\core\utils\error_handler.dart
DA:4,0
DA:5,0
DA:6,0
DA:7,0
DA:8,0
DA:9,0
DA:11,0
DA:13,0
DA:15,0
DA:17,0
DA:19,0
DA:21,0
DA:23,0
DA:25,0
LF:14
LH:0
end_of_record
SF:lib\app\modules\tasbih\controllers\tasbih_controller.dart
DA:8,1
DA:9,2
DA:10,4
DA:13,6
DA:16,2
DA:17,4
DA:18,6
DA:19,4
DA:23,6
DA:25,2
DA:27,2
DA:28,8
DA:31,0
DA:33,0
DA:34,0
DA:37,0
DA:38,0
DA:39,0
DA:41,0
LF:19
LH:12
end_of_record
SF:lib\app\modules\tasbih\views\tasbih_view.dart
DA:8,1
DA:10,1
DA:12,1
DA:13,1
DA:21,1
DA:22,0
DA:30,1
DA:31,1
DA:32,1
DA:34,1
DA:35,1
DA:38,1
DA:39,6
DA:40,4
DA:42,5
DA:46,1
DA:50,1
DA:52,1
DA:65,1
DA:66,1
DA:68,3
DA:71,1
DA:73,1
DA:75,1
DA:76,1
DA:81,2
DA:83,3
DA:85,1
DA:89,1
DA:90,2
DA:91,2
DA:93,1
DA:94,1
DA:96,1
DA:98,1
DA:99,1
DA:111,1
DA:113,1
DA:117,1
DA:119,1
DA:121,1
DA:122,1
DA:123,1
DA:124,0
DA:125,0
DA:127,3
DA:129,1
DA:130,3
DA:133,1
DA:149,1
DA:150,1
DA:151,0
DA:152,0
DA:154,3
DA:156,1
DA:157,3
DA:160,1
DA:176,1
DA:177,1
DA:178,0
DA:179,0
DA:181,3
DA:183,1
DA:184,3
DA:187,1
DA:219,1
DA:220,1
DA:223,2
DA:224,1
DA:227,1
DA:229,1
DA:230,3
DA:232,1
DA:233,1
DA:234,1
DA:243,1
DA:245,1
DA:246,0
DA:247,0
DA:249,1
DA:250,1
DA:260,1
DA:262,1
DA:263,0
DA:264,0
DA:266,1
DA:267,1
LF:87
LH:76
end_of_record
SF:lib\core\theme\colors.dart
DA:4,0
LF:1
LH:0
end_of_record
SF:lib\app\data\repository\shalat_repository_impl.dart
DA:19,1
DA:25,1
DA:28,2
DA:30,1
DA:31,2
DA:32,1
DA:34,1
DA:36,1
DA:37,3
DA:38,1
DA:39,3
DA:40,1
DA:41,3
DA:43,0
DA:48,1
DA:49,2
DA:50,1
DA:51,1
DA:52,2
DA:53,1
LF:20
LH:19
end_of_record
SF:lib\app\data\repository\surah_repository_impl.dart
DA:21,1
DA:26,0
DA:29,0
DA:30,0
DA:32,0
DA:36,1
DA:39,2
DA:40,2
DA:41,1
DA:42,3
DA:44,0
DA:48,1
DA:49,2
DA:50,1
DA:51,1
DA:52,2
DA:53,1
DA:59,0
DA:60,0
DA:61,0
DA:62,0
DA:64,0
DA:65,0
DA:71,0
DA:75,0
DA:76,0
DA:77,0
DA:78,0
DA:79,0
DA:81,0
DA:82,0
DA:83,0
DA:84,0
DA:85,0
DA:86,0
DA:87,0
DA:89,0
DA:106,1
DA:109,2
DA:110,1
DA:111,1
DA:112,2
DA:113,1
DA:115,1
DA:116,1
DA:117,3
DA:118,1
DA:119,3
DA:120,1
DA:121,3
DA:123,0
DA:139,0
DA:142,0
DA:143,0
DA:144,0
DA:145,0
DA:147,0
LF:57
LH:25
end_of_record
